Flow report for raiz
Tue Apr 05 20:38:46 2022
Quartus Prime Version 20.1.1 Build 720 11/11/2020 SJ Lite Edition


---------------------
; Table of Contents ;
---------------------
  1. Legal Notice
  2. Flow Summary
  3. Flow Settings
  4. Flow Non-Default Global Settings
  5. Flow Elapsed Time
  6. Flow OS Summary
  7. Flow Log
  8. Flow Messages
  9. Flow Suppressed Messages



----------------
; Legal Notice ;
----------------
Copyright (C) 2020  Intel Corporation. All rights reserved.
Your use of Intel Corporation's design tools, logic functions 
and other software and tools, and any partner logic 
functions, and any output files from any of the foregoing 
(including device programming or simulation files), and any 
associated documentation or information are expressly subject 
to the terms and conditions of the Intel Program License 
Subscription Agreement, the Intel Quartus Prime License Agreement,
the Intel FPGA IP License Agreement, or other applicable license
agreement, including, without limitation, that your use is for
the sole purpose of programming logic devices manufactured by
Intel and sold by Intel or its authorized distributors.  Please
refer to the applicable agreement for further details, at
https://fpgasoftware.intel.com/eula.



+----------------------------------------------------------------------------------+
; Flow Summary                                                                     ;
+------------------------------------+---------------------------------------------+
; Flow Status                        ; Successful - Tue Apr 05 20:38:46 2022       ;
; Quartus Prime Version              ; 20.1.1 Build 720 11/11/2020 SJ Lite Edition ;
; Revision Name                      ; raiz                                        ;
; Top-level Entity Name              ; raiz                                        ;
; Family                             ; Cyclone IV E                                ;
; Device                             ; EP4CE10E22C8                                ;
; Timing Models                      ; Final                                       ;
; Total logic elements               ; 76 / 10,320 ( < 1 % )                       ;
;     Total combinational functions  ; 75 / 10,320 ( < 1 % )                       ;
;     Dedicated logic registers      ; 28 / 10,320 ( < 1 % )                       ;
; Total registers                    ; 28                                          ;
; Total pins                         ; 18 / 92 ( 20 % )                            ;
; Total virtual pins                 ; 0                                           ;
; Total memory bits                  ; 0 / 423,936 ( 0 % )                         ;
; Embedded Multiplier 9-bit elements ; 0 / 46 ( 0 % )                              ;
; Total PLLs                         ; 0 / 2 ( 0 % )                               ;
+------------------------------------+---------------------------------------------+


+-----------------------------------------+
; Flow Settings                           ;
+-------------------+---------------------+
; Option            ; Setting             ;
+-------------------+---------------------+
; Start date & time ; 04/05/2022 20:37:40 ;
; Main task         ; Compilation         ;
; Revision Name     ; raiz                ;
+-------------------+---------------------+


+-----------------------------------------------------------------------------------------------------------------------------------------------------------------------+
; Flow Non-Default Global Settings                                                                                                                                      ;
+-------------------------------------+----------------------------------------+--------------------------------------+-------------+-----------------------------------+
; Assignment Name                     ; Value                                  ; Default Value                        ; Entity Name ; Section Id                        ;
+-------------------------------------+----------------------------------------+--------------------------------------+-------------+-----------------------------------+
; COMPILER_SIGNATURE_ID               ; 123598314743579.164920186017740        ; --                                   ; --          ; --                                ;
; EDA_BOARD_DESIGN_TIMING_TOOL        ; Stamp (Timing)                         ; <None>                               ; --          ; --                                ;
; EDA_GENERATE_FUNCTIONAL_NETLIST     ; Off                                    ; --                                   ; --          ; eda_board_design_timing           ;
; EDA_GENERATE_FUNCTIONAL_NETLIST     ; Off                                    ; --                                   ; --          ; eda_board_design_boundary_scan    ;
; EDA_GENERATE_FUNCTIONAL_NETLIST     ; Off                                    ; --                                   ; --          ; eda_board_design_signal_integrity ;
; EDA_GENERATE_FUNCTIONAL_NETLIST     ; Off                                    ; --                                   ; --          ; eda_board_design_symbol           ;
; EDA_OUTPUT_DATA_FORMAT              ; Stamp                                  ; --                                   ; --          ; eda_board_design_timing           ;
; EDA_OUTPUT_DATA_FORMAT              ; Vhdl                                   ; --                                   ; --          ; eda_simulation                    ;
; EDA_SIMULATION_TOOL                 ; ModelSim-Altera (VHDL)                 ; <None>                               ; --          ; --                                ;
; EDA_TIME_SCALE                      ; 1 ps                                   ; --                                   ; --          ; eda_simulation                    ;
; MAX_CORE_JUNCTION_TEMP              ; 85                                     ; --                                   ; --          ; --                                ;
; MIN_CORE_JUNCTION_TEMP              ; 0                                      ; --                                   ; --          ; --                                ;
; NOMINAL_CORE_SUPPLY_VOLTAGE         ; 1.2V                                   ; --                                   ; --          ; --                                ;
; NUM_PARALLEL_PROCESSORS             ; All                                    ; --                                   ; --          ; --                                ;
; PARTITION_COLOR                     ; -- (Not supported for targeted family) ; --                                   ; --          ; Top                               ;
; PARTITION_FITTER_PRESERVATION_LEVEL ; -- (Not supported for targeted family) ; --                                   ; --          ; Top                               ;
; PARTITION_NETLIST_TYPE              ; -- (Not supported for targeted family) ; --                                   ; --          ; Top                               ;
; POWER_BOARD_THERMAL_MODEL           ; None (CONSERVATIVE)                    ; --                                   ; --          ; --                                ;
; POWER_PRESET_COOLING_SOLUTION       ; 23 MM HEAT SINK WITH 200 LFPM AIRFLOW  ; --                                   ; --          ; --                                ;
; PROJECT_IP_REGENERATION_POLICY      ; ALWAYS_REGENERATE_IP                   ; SKIP_REGENERATING_IP_IF_HDL_MODIFIED ; --          ; --                                ;
; PROJECT_OUTPUT_DIRECTORY            ; output_files                           ; --                                   ; --          ; --                                ;
; VHDL_INPUT_VERSION                  ; VHDL_2008                              ; VHDL_1993                            ; --          ; --                                ;
; VHDL_SHOW_LMF_MAPPING_MESSAGES      ; Off                                    ; --                                   ; --          ; --                                ;
+-------------------------------------+----------------------------------------+--------------------------------------+-------------+-----------------------------------+


+--------------------------------------------------------------------------------------------------------------------------+
; Flow Elapsed Time                                                                                                        ;
+----------------------+--------------+-------------------------+---------------------+------------------------------------+
; Module Name          ; Elapsed Time ; Average Processors Used ; Peak Virtual Memory ; Total CPU Time (on all processors) ;
+----------------------+--------------+-------------------------+---------------------+------------------------------------+
; Analysis & Synthesis ; 00:00:13     ; 1.0                     ; 4784 MB             ; 00:00:29                           ;
; Fitter               ; 00:00:05     ; 1.0                     ; 5489 MB             ; 00:00:06                           ;
; Assembler            ; 00:00:01     ; 1.0                     ; 4678 MB             ; 00:00:01                           ;
; Timing Analyzer      ; 00:00:01     ; 1.0                     ; 4754 MB             ; 00:00:02                           ;
; EDA Netlist Writer   ; 00:00:01     ; 1.0                     ; 4645 MB             ; 00:00:01                           ;
; EDA Netlist Writer   ; 00:00:00     ; 1.0                     ; 4628 MB             ; 00:00:00                           ;
; EDA Netlist Writer   ; 00:00:01     ; 1.0                     ; 4637 MB             ; 00:00:00                           ;
; Total                ; 00:00:22     ; --                      ; --                  ; 00:00:39                           ;
+----------------------+--------------+-------------------------+---------------------+------------------------------------+


+------------------------------------------------------------------------------------+
; Flow OS Summary                                                                    ;
+----------------------+------------------+------------+------------+----------------+
; Module Name          ; Machine Hostname ; OS Name    ; OS Version ; Processor type ;
+----------------------+------------------+------------+------------+----------------+
; Analysis & Synthesis ; LAPTOP-HT94FQSP  ; Windows 10 ; 10.0       ; x86_64         ;
; Fitter               ; LAPTOP-HT94FQSP  ; Windows 10 ; 10.0       ; x86_64         ;
; Assembler            ; LAPTOP-HT94FQSP  ; Windows 10 ; 10.0       ; x86_64         ;
; Timing Analyzer      ; LAPTOP-HT94FQSP  ; Windows 10 ; 10.0       ; x86_64         ;
; EDA Netlist Writer   ; LAPTOP-HT94FQSP  ; Windows 10 ; 10.0       ; x86_64         ;
; EDA Netlist Writer   ; LAPTOP-HT94FQSP  ; Windows 10 ; 10.0       ; x86_64         ;
; EDA Netlist Writer   ; LAPTOP-HT94FQSP  ; Windows 10 ; 10.0       ; x86_64         ;
+----------------------+------------------+------------+------------+----------------+


------------
; Flow Log ;
------------
quartus_map --read_settings_files=on --write_settings_files=off raiz -c raiz
quartus_fit --read_settings_files=off --write_settings_files=off raiz -c raiz
quartus_asm --read_settings_files=off --write_settings_files=off raiz -c raiz
quartus_sta raiz -c raiz
quartus_eda --read_settings_files=off --write_settings_files=off raiz -c raiz
quartus_eda --gen_testbench --tool=modelsim_oem --format=vhdl --write_settings_files=off raiz -c raiz --vector_source=C:/Users/Alyss/Desktop/VHDL/raiz/Waveform.vwf --testbench_file=C:/Users/Alyss/Desktop/VHDL/raiz/simulation/qsim/Waveform.vwf.vht
quartus_eda --write_settings_files=off --simulation=on --functional=on --flatten_buses=off --tool=modelsim_oem --format=vhdl --output_directory=C:/Users/Alyss/Desktop/VHDL/raiz/simulation/qsim/ raiz -c raiz



