Analysis & Synthesis report for raiz
Tue Apr 05 20:37:52 2022
Quartus Prime Version 20.1.1 Build 720 11/11/2020 SJ Lite Edition


---------------------
; Table of Contents ;
---------------------
  1. Legal Notice
  2. Analysis & Synthesis Summary
  3. Analysis & Synthesis Settings
  4. Parallel Compilation
  5. Analysis & Synthesis Source Files Read
  6. Analysis & Synthesis Resource Usage Summary
  7. Analysis & Synthesis Resource Utilization by Entity
  8. State Machine - |raiz|controleSqrt:maquina_estado|estado_atual
  9. Registers Removed During Synthesis
 10. Removed Registers Triggering Further Register Optimizations
 11. General Register Statistics
 12. Multiplexer Restructuring Statistics (Restructuring Performed)
 13. Port Connectivity Checks: "reg_8bits:R4"
 14. Port Connectivity Checks: "reg_8bits:R3"
 15. Port Connectivity Checks: "reg_8bits:R2"
 16. Post-Synthesis Netlist Statistics for Top Partition
 17. Elapsed Time Per Partition
 18. Analysis & Synthesis Messages



----------------
; Legal Notice ;
----------------
Copyright (C) 2020  Intel Corporation. All rights reserved.
Your use of Intel Corporation's design tools, logic functions 
and other software and tools, and any partner logic 
functions, and any output files from any of the foregoing 
(including device programming or simulation files), and any 
associated documentation or information are expressly subject 
to the terms and conditions of the Intel Program License 
Subscription Agreement, the Intel Quartus Prime License Agreement,
the Intel FPGA IP License Agreement, or other applicable license
agreement, including, without limitation, that your use is for
the sole purpose of programming logic devices manufactured by
Intel and sold by Intel or its authorized distributors.  Please
refer to the applicable agreement for further details, at
https://fpgasoftware.intel.com/eula.



+----------------------------------------------------------------------------------+
; Analysis & Synthesis Summary                                                     ;
+------------------------------------+---------------------------------------------+
; Analysis & Synthesis Status        ; Successful - Tue Apr 05 20:37:52 2022       ;
; Quartus Prime Version              ; 20.1.1 Build 720 11/11/2020 SJ Lite Edition ;
; Revision Name                      ; raiz                                        ;
; Top-level Entity Name              ; raiz                                        ;
; Family                             ; Cyclone IV E                                ;
; Total logic elements               ; 78                                          ;
;     Total combinational functions  ; 74                                          ;
;     Dedicated logic registers      ; 28                                          ;
; Total registers                    ; 28                                          ;
; Total pins                         ; 18                                          ;
; Total virtual pins                 ; 0                                           ;
; Total memory bits                  ; 0                                           ;
; Embedded Multiplier 9-bit elements ; 0                                           ;
; Total PLLs                         ; 0                                           ;
+------------------------------------+---------------------------------------------+


+------------------------------------------------------------------------------------------------------------+
; Analysis & Synthesis Settings                                                                              ;
+------------------------------------------------------------------+--------------------+--------------------+
; Option                                                           ; Setting            ; Default Value      ;
+------------------------------------------------------------------+--------------------+--------------------+
; Device                                                           ; EP4CE10E22C8       ;                    ;
; Top-level entity name                                            ; raiz               ; raiz               ;
; Family name                                                      ; Cyclone IV E       ; Cyclone V          ;
; Maximum processors allowed for parallel compilation              ; All                ;                    ;
; VHDL Show LMF Mapping Messages                                   ; Off                ;                    ;
; VHDL Version                                                     ; VHDL_2008          ; VHDL_1993          ;
; Use smart compilation                                            ; Off                ; Off                ;
; Enable parallel Assembler and Timing Analyzer during compilation ; On                 ; On                 ;
; Enable compact report table                                      ; Off                ; Off                ;
; Restructure Multiplexers                                         ; Auto               ; Auto               ;
; Create Debugging Nodes for IP Cores                              ; Off                ; Off                ;
; Preserve fewer node names                                        ; On                 ; On                 ;
; Intel FPGA IP Evaluation Mode                                    ; Enable             ; Enable             ;
; Verilog Version                                                  ; Verilog_2001       ; Verilog_2001       ;
; State Machine Processing                                         ; Auto               ; Auto               ;
; Safe State Machine                                               ; Off                ; Off                ;
; Extract Verilog State Machines                                   ; On                 ; On                 ;
; Extract VHDL State Machines                                      ; On                 ; On                 ;
; Ignore Verilog initial constructs                                ; Off                ; Off                ;
; Iteration limit for constant Verilog loops                       ; 5000               ; 5000               ;
; Iteration limit for non-constant Verilog loops                   ; 250                ; 250                ;
; Add Pass-Through Logic to Inferred RAMs                          ; On                 ; On                 ;
; Infer RAMs from Raw Logic                                        ; On                 ; On                 ;
; Parallel Synthesis                                               ; On                 ; On                 ;
; DSP Block Balancing                                              ; Auto               ; Auto               ;
; NOT Gate Push-Back                                               ; On                 ; On                 ;
; Power-Up Don't Care                                              ; On                 ; On                 ;
; Remove Redundant Logic Cells                                     ; Off                ; Off                ;
; Remove Duplicate Registers                                       ; On                 ; On                 ;
; Ignore CARRY Buffers                                             ; Off                ; Off                ;
; Ignore CASCADE Buffers                                           ; Off                ; Off                ;
; Ignore GLOBAL Buffers                                            ; Off                ; Off                ;
; Ignore ROW GLOBAL Buffers                                        ; Off                ; Off                ;
; Ignore LCELL Buffers                                             ; Off                ; Off                ;
; Ignore SOFT Buffers                                              ; On                 ; On                 ;
; Limit AHDL Integers to 32 Bits                                   ; Off                ; Off                ;
; Optimization Technique                                           ; Balanced           ; Balanced           ;
; Carry Chain Length                                               ; 70                 ; 70                 ;
; Auto Carry Chains                                                ; On                 ; On                 ;
; Auto Open-Drain Pins                                             ; On                 ; On                 ;
; Perform WYSIWYG Primitive Resynthesis                            ; Off                ; Off                ;
; Auto ROM Replacement                                             ; On                 ; On                 ;
; Auto RAM Replacement                                             ; On                 ; On                 ;
; Auto DSP Block Replacement                                       ; On                 ; On                 ;
; Auto Shift Register Replacement                                  ; Auto               ; Auto               ;
; Allow Shift Register Merging across Hierarchies                  ; Auto               ; Auto               ;
; Auto Clock Enable Replacement                                    ; On                 ; On                 ;
; Strict RAM Replacement                                           ; Off                ; Off                ;
; Allow Synchronous Control Signals                                ; On                 ; On                 ;
; Force Use of Synchronous Clear Signals                           ; Off                ; Off                ;
; Auto RAM Block Balancing                                         ; On                 ; On                 ;
; Auto RAM to Logic Cell Conversion                                ; Off                ; Off                ;
; Auto Resource Sharing                                            ; Off                ; Off                ;
; Allow Any RAM Size For Recognition                               ; Off                ; Off                ;
; Allow Any ROM Size For Recognition                               ; Off                ; Off                ;
; Allow Any Shift Register Size For Recognition                    ; Off                ; Off                ;
; Use LogicLock Constraints during Resource Balancing              ; On                 ; On                 ;
; Ignore translate_off and synthesis_off directives                ; Off                ; Off                ;
; Timing-Driven Synthesis                                          ; On                 ; On                 ;
; Report Parameter Settings                                        ; On                 ; On                 ;
; Report Source Assignments                                        ; On                 ; On                 ;
; Report Connectivity Checks                                       ; On                 ; On                 ;
; Ignore Maximum Fan-Out Assignments                               ; Off                ; Off                ;
; Synchronization Register Chain Length                            ; 2                  ; 2                  ;
; Power Optimization During Synthesis                              ; Normal compilation ; Normal compilation ;
; HDL message level                                                ; Level2             ; Level2             ;
; Suppress Register Optimization Related Messages                  ; Off                ; Off                ;
; Number of Removed Registers Reported in Synthesis Report         ; 5000               ; 5000               ;
; Number of Swept Nodes Reported in Synthesis Report               ; 5000               ; 5000               ;
; Number of Inverted Registers Reported in Synthesis Report        ; 100                ; 100                ;
; Clock MUX Protection                                             ; On                 ; On                 ;
; Auto Gated Clock Conversion                                      ; Off                ; Off                ;
; Block Design Naming                                              ; Auto               ; Auto               ;
; SDC constraint protection                                        ; Off                ; Off                ;
; Synthesis Effort                                                 ; Auto               ; Auto               ;
; Shift Register Replacement - Allow Asynchronous Clear Signal     ; On                 ; On                 ;
; Pre-Mapping Resynthesis Optimization                             ; Off                ; Off                ;
; Analysis & Synthesis Message Level                               ; Medium             ; Medium             ;
; Disable Register Merging Across Hierarchies                      ; Auto               ; Auto               ;
; Resource Aware Inference For Block RAM                           ; On                 ; On                 ;
+------------------------------------------------------------------+--------------------+--------------------+


+------------------------------------------+
; Parallel Compilation                     ;
+----------------------------+-------------+
; Processors                 ; Number      ;
+----------------------------+-------------+
; Number detected on machine ; 8           ;
; Maximum allowed            ; 4           ;
;                            ;             ;
; Average used               ; 1.00        ;
; Maximum used               ; 4           ;
;                            ;             ;
; Usage by Processor         ; % Time Used ;
;     Processor 1            ; 100.0%      ;
;     Processors 2-4         ;   0.0%      ;
+----------------------------+-------------+


+------------------------------------------------------------------------------------------------------------------------------------+
; Analysis & Synthesis Source Files Read                                                                                             ;
+----------------------------------+-----------------+-----------------+---------------------------------------------------+---------+
; File Name with User-Entered Path ; Used in Netlist ; File Type       ; File Name with Absolute Path                      ; Library ;
+----------------------------------+-----------------+-----------------+---------------------------------------------------+---------+
; raiz.vhd                         ; yes             ; User VHDL File  ; C:/Users/Alyss/Desktop/VHDL/raiz/raiz.vhd         ;         ;
; comp_8bits.vhd                   ; yes             ; User VHDL File  ; C:/Users/Alyss/Desktop/VHDL/raiz/comp_8bits.vhd   ;         ;
; controleSqrt.vhd                 ; yes             ; User VHDL File  ; C:/Users/Alyss/Desktop/VHDL/raiz/controleSqrt.vhd ;         ;
; mux2x1.vhd                       ; yes             ; User VHDL File  ; C:/Users/Alyss/Desktop/VHDL/raiz/mux2x1.vhd       ;         ;
; mux3x1.vhd                       ; yes             ; User VHDL File  ; C:/Users/Alyss/Desktop/VHDL/raiz/mux3x1.vhd       ;         ;
; reg_8bits.vhd                    ; yes             ; User VHDL File  ; C:/Users/Alyss/Desktop/VHDL/raiz/reg_8bits.vhd    ;         ;
; som_8bits.vhd                    ; yes             ; User VHDL File  ; C:/Users/Alyss/Desktop/VHDL/raiz/som_8bits.vhd    ;         ;
+----------------------------------+-----------------+-----------------+---------------------------------------------------+---------+


+---------------------------------------------------------+
; Analysis & Synthesis Resource Usage Summary             ;
+---------------------------------------------+-----------+
; Resource                                    ; Usage     ;
+---------------------------------------------+-----------+
; Estimated Total logic elements              ; 78        ;
;                                             ;           ;
; Total combinational functions               ; 74        ;
; Logic element usage by number of LUT inputs ;           ;
;     -- 4 input functions                    ; 8         ;
;     -- 3 input functions                    ; 31        ;
;     -- <=2 input functions                  ; 35        ;
;                                             ;           ;
; Logic elements by mode                      ;           ;
;     -- normal mode                          ; 47        ;
;     -- arithmetic mode                      ; 27        ;
;                                             ;           ;
; Total registers                             ; 28        ;
;     -- Dedicated logic registers            ; 28        ;
;     -- I/O registers                        ; 0         ;
;                                             ;           ;
; I/O pins                                    ; 18        ;
;                                             ;           ;
; Embedded Multiplier 9-bit elements          ; 0         ;
;                                             ;           ;
; Maximum fan-out node                        ; clk~input ;
; Maximum fan-out                             ; 28        ;
; Total fan-out                               ; 325       ;
; Average fan-out                             ; 2.36      ;
+---------------------------------------------+-----------+


+-------------------------------------------------------------------------------------------------------------------------------------------------------------------------------------------------------------------------------+
; Analysis & Synthesis Resource Utilization by Entity                                                                                                                                                                           ;
+----------------------------------+---------------------+---------------------------+-------------+--------------+---------+-----------+------+--------------+-----------------------------------+--------------+--------------+
; Compilation Hierarchy Node       ; Combinational ALUTs ; Dedicated Logic Registers ; Memory Bits ; DSP Elements ; DSP 9x9 ; DSP 18x18 ; Pins ; Virtual Pins ; Full Hierarchy Name               ; Entity Name  ; Library Name ;
+----------------------------------+---------------------+---------------------------+-------------+--------------+---------+-----------+------+--------------+-----------------------------------+--------------+--------------+
; |raiz                            ; 74 (0)              ; 28 (0)                    ; 0           ; 0            ; 0       ; 0         ; 18   ; 0            ; |raiz                             ; raiz         ; work         ;
;    |comp_8bits:c1|               ; 8 (8)               ; 0 (0)                     ; 0           ; 0            ; 0       ; 0         ; 0    ; 0            ; |raiz|comp_8bits:c1               ; comp_8bits   ; work         ;
;    |controleSqrt:maquina_estado| ; 2 (2)               ; 5 (5)                     ; 0           ; 0            ; 0       ; 0         ; 0    ; 0            ; |raiz|controleSqrt:maquina_estado ; controleSqrt ; work         ;
;    |mux2x1:m4|                   ; 7 (7)               ; 0 (0)                     ; 0           ; 0            ; 0       ; 0         ; 0    ; 0            ; |raiz|mux2x1:m4                   ; mux2x1       ; work         ;
;    |mux3x1:m5|                   ; 8 (8)               ; 0 (0)                     ; 0           ; 0            ; 0       ; 0         ; 0    ; 0            ; |raiz|mux3x1:m5                   ; mux3x1       ; work         ;
;    |reg_8bits:R5|                ; 1 (1)               ; 8 (8)                     ; 0           ; 0            ; 0       ; 0         ; 0    ; 0            ; |raiz|reg_8bits:R5                ; reg_8bits    ; work         ;
;    |reg_8bits:R6|                ; 1 (1)               ; 8 (8)                     ; 0           ; 0            ; 0       ; 0         ; 0    ; 0            ; |raiz|reg_8bits:R6                ; reg_8bits    ; work         ;
;    |reg_8bits:R7|                ; 1 (1)               ; 7 (7)                     ; 0           ; 0            ; 0       ; 0         ; 0    ; 0            ; |raiz|reg_8bits:R7                ; reg_8bits    ; work         ;
;    |som_8bits:som1|              ; 46 (46)             ; 0 (0)                     ; 0           ; 0            ; 0       ; 0         ; 0    ; 0            ; |raiz|som_8bits:som1              ; som_8bits    ; work         ;
+----------------------------------+---------------------+---------------------------+-------------+--------------+---------+-----------+------+--------------+-----------------------------------+--------------+--------------+
Note: For table entries with two numbers listed, the numbers in parentheses indicate the number of resources of the given type used by the specific entity alone. The numbers listed outside of parentheses indicate the total resources of the given type used by the specific entity and all of its sub-entities in the hierarchy.


Encoding Type:  One-Hot
+----------------------------------------------------------------------------------------------------------------------------------------------------------------+
; State Machine - |raiz|controleSqrt:maquina_estado|estado_atual                                                                                                 ;
+----------------------+----------------------+----------------------+----------------------+----------------------+----------------------+----------------------+
; Name                 ; estado_atual.estado6 ; estado_atual.estado5 ; estado_atual.estado4 ; estado_atual.estado3 ; estado_atual.estado2 ; estado_atual.estado1 ;
+----------------------+----------------------+----------------------+----------------------+----------------------+----------------------+----------------------+
; estado_atual.estado1 ; 0                    ; 0                    ; 0                    ; 0                    ; 0                    ; 0                    ;
; estado_atual.estado2 ; 0                    ; 0                    ; 0                    ; 0                    ; 1                    ; 1                    ;
; estado_atual.estado3 ; 0                    ; 0                    ; 0                    ; 1                    ; 0                    ; 1                    ;
; estado_atual.estado4 ; 0                    ; 0                    ; 1                    ; 0                    ; 0                    ; 1                    ;
; estado_atual.estado5 ; 0                    ; 1                    ; 0                    ; 0                    ; 0                    ; 1                    ;
; estado_atual.estado6 ; 1                    ; 0                    ; 0                    ; 0                    ; 0                    ; 1                    ;
+----------------------+----------------------+----------------------+----------------------+----------------------+----------------------+----------------------+


+-------------------------------------------------------------------------------------------+
; Registers Removed During Synthesis                                                        ;
+--------------------------------------------------+----------------------------------------+
; Register name                                    ; Reason for Removal                     ;
+--------------------------------------------------+----------------------------------------+
; reg_8bits:R4|q[0]                                ; Stuck at VCC due to stuck port data_in ;
; reg_8bits:R4|q[1..7]                             ; Stuck at GND due to stuck port data_in ;
; reg_8bits:R3|q[0]                                ; Stuck at GND due to stuck port data_in ;
; reg_8bits:R3|q[1]                                ; Stuck at VCC due to stuck port data_in ;
; reg_8bits:R3|q[2..7]                             ; Stuck at GND due to stuck port data_in ;
; reg_8bits:R2|q[0,1]                              ; Stuck at GND due to stuck port data_in ;
; reg_8bits:R2|q[2]                                ; Stuck at VCC due to stuck port data_in ;
; reg_8bits:R2|q[3..7]                             ; Stuck at GND due to stuck port data_in ;
; controleSqrt:maquina_estado|estado_atual.estado6 ; Lost fanout                            ;
; reg_8bits:R7|q[0]                                ; Stuck at GND due to stuck port data_in ;
; Total Number of Removed Registers = 26           ;                                        ;
+--------------------------------------------------+----------------------------------------+


+----------------------------------------------------------------------------------------+
; Removed Registers Triggering Further Register Optimizations                            ;
+-------------------+---------------------------+----------------------------------------+
; Register name     ; Reason for Removal        ; Registers Removed due to This Register ;
+-------------------+---------------------------+----------------------------------------+
; reg_8bits:R3|q[0] ; Stuck at GND              ; reg_8bits:R7|q[0]                      ;
;                   ; due to stuck port data_in ;                                        ;
+-------------------+---------------------------+----------------------------------------+


+------------------------------------------------------+
; General Register Statistics                          ;
+----------------------------------------------+-------+
; Statistic                                    ; Value ;
+----------------------------------------------+-------+
; Total registers                              ; 28    ;
; Number of registers using Synchronous Clear  ; 23    ;
; Number of registers using Synchronous Load   ; 0     ;
; Number of registers using Asynchronous Clear ; 5     ;
; Number of registers using Asynchronous Load  ; 0     ;
; Number of registers using Clock Enable       ; 23    ;
; Number of registers using Preset             ; 0     ;
+----------------------------------------------+-------+


+------------------------------------------------------------------------------------------------------------------------------------------+
; Multiplexer Restructuring Statistics (Restructuring Performed)                                                                           ;
+--------------------+-----------+---------------+----------------------+------------------------+------------+----------------------------+
; Multiplexer Inputs ; Bus Width ; Baseline Area ; Area if Restructured ; Saving if Restructured ; Registered ; Example Multiplexer Output ;
+--------------------+-----------+---------------+----------------------+------------------------+------------+----------------------------+
; 3:1                ; 8 bits    ; 16 LEs        ; 8 LEs                ; 8 LEs                  ; Yes        ; |raiz|reg_8bits:R6|q[0]    ;
; 3:1                ; 8 bits    ; 16 LEs        ; 8 LEs                ; 8 LEs                  ; Yes        ; |raiz|reg_8bits:R7|q[7]    ;
; 3:1                ; 8 bits    ; 16 LEs        ; 8 LEs                ; 8 LEs                  ; Yes        ; |raiz|reg_8bits:R5|q[7]    ;
; 4:1                ; 8 bits    ; 16 LEs        ; 16 LEs               ; 0 LEs                  ; No         ; |raiz|mux3x1:m5|Mux0       ;
+--------------------+-----------+---------------+----------------------+------------------------+------------+----------------------------+


+-------------------------------------------+
; Port Connectivity Checks: "reg_8bits:R4"  ;
+---------+-------+----------+--------------+
; Port    ; Type  ; Severity ; Details      ;
+---------+-------+----------+--------------+
; wr      ; Input ; Info     ; Stuck at VCC ;
; rst     ; Input ; Info     ; Stuck at GND ;
; d[7..1] ; Input ; Info     ; Stuck at GND ;
; d[0]    ; Input ; Info     ; Stuck at VCC ;
+---------+-------+----------+--------------+


+-------------------------------------------+
; Port Connectivity Checks: "reg_8bits:R3"  ;
+---------+-------+----------+--------------+
; Port    ; Type  ; Severity ; Details      ;
+---------+-------+----------+--------------+
; wr      ; Input ; Info     ; Stuck at VCC ;
; rst     ; Input ; Info     ; Stuck at GND ;
; d[7..2] ; Input ; Info     ; Stuck at GND ;
; d[1]    ; Input ; Info     ; Stuck at VCC ;
; d[0]    ; Input ; Info     ; Stuck at GND ;
+---------+-------+----------+--------------+


+-------------------------------------------+
; Port Connectivity Checks: "reg_8bits:R2"  ;
+---------+-------+----------+--------------+
; Port    ; Type  ; Severity ; Details      ;
+---------+-------+----------+--------------+
; wr      ; Input ; Info     ; Stuck at VCC ;
; rst     ; Input ; Info     ; Stuck at GND ;
; d[7..3] ; Input ; Info     ; Stuck at GND ;
; d[1..0] ; Input ; Info     ; Stuck at GND ;
; d[2]    ; Input ; Info     ; Stuck at VCC ;
+---------+-------+----------+--------------+


+-----------------------------------------------------+
; Post-Synthesis Netlist Statistics for Top Partition ;
+-----------------------+-----------------------------+
; Type                  ; Count                       ;
+-----------------------+-----------------------------+
; boundary_port         ; 18                          ;
; cycloneiii_ff         ; 28                          ;
;     CLR               ; 5                           ;
;     ENA SCLR          ; 23                          ;
; cycloneiii_lcell_comb ; 74                          ;
;     arith             ; 27                          ;
;         2 data inputs ; 13                          ;
;         3 data inputs ; 14                          ;
;     normal            ; 47                          ;
;         1 data inputs ; 2                           ;
;         2 data inputs ; 20                          ;
;         3 data inputs ; 17                          ;
;         4 data inputs ; 8                           ;
;                       ;                             ;
; Max LUT depth         ; 3.70                        ;
; Average LUT depth     ; 2.83                        ;
+-----------------------+-----------------------------+


+-------------------------------+
; Elapsed Time Per Partition    ;
+----------------+--------------+
; Partition Name ; Elapsed Time ;
+----------------+--------------+
; Top            ; 00:00:00     ;
+----------------+--------------+


+-------------------------------+
; Analysis & Synthesis Messages ;
+-------------------------------+
Info: *******************************************************************
Info: Running Quartus Prime Analysis & Synthesis
    Info: Version 20.1.1 Build 720 11/11/2020 SJ Lite Edition
    Info: Processing started: Tue Apr 05 20:37:39 2022
Info: Command: quartus_map --read_settings_files=on --write_settings_files=off raiz -c raiz
Info (20030): Parallel compilation is enabled and will use 4 of the 4 processors detected
Info (12021): Found 2 design units, including 1 entities, in source file raiz.vhd
    Info (12022): Found design unit 1: raiz-hardware File: C:/Users/Alyss/Desktop/VHDL/raiz/raiz.vhd Line: 17
    Info (12023): Found entity 1: raiz File: C:/Users/Alyss/Desktop/VHDL/raiz/raiz.vhd Line: 7
Info (12021): Found 2 design units, including 1 entities, in source file comp_8bits.vhd
    Info (12022): Found design unit 1: comp_8bits-hardware File: C:/Users/Alyss/Desktop/VHDL/raiz/comp_8bits.vhd Line: 12
    Info (12023): Found entity 1: comp_8bits File: C:/Users/Alyss/Desktop/VHDL/raiz/comp_8bits.vhd Line: 6
Info (12021): Found 2 design units, including 1 entities, in source file controlesqrt.vhd
    Info (12022): Found design unit 1: controleSqrt-hardware File: C:/Users/Alyss/Desktop/VHDL/raiz/controleSqrt.vhd Line: 18
    Info (12023): Found entity 1: controleSqrt File: C:/Users/Alyss/Desktop/VHDL/raiz/controleSqrt.vhd Line: 8
Info (12021): Found 2 design units, including 1 entities, in source file mux2x1.vhd
    Info (12022): Found design unit 1: mux2x1-hardware File: C:/Users/Alyss/Desktop/VHDL/raiz/mux2x1.vhd Line: 18
    Info (12023): Found entity 1: mux2x1 File: C:/Users/Alyss/Desktop/VHDL/raiz/mux2x1.vhd Line: 9
Info (12021): Found 2 design units, including 1 entities, in source file mux3x1.vhd
    Info (12022): Found design unit 1: mux3x1-hardware File: C:/Users/Alyss/Desktop/VHDL/raiz/mux3x1.vhd Line: 19
    Info (12023): Found entity 1: mux3x1 File: C:/Users/Alyss/Desktop/VHDL/raiz/mux3x1.vhd Line: 10
Info (12021): Found 2 design units, including 1 entities, in source file reg_8bits.vhd
    Info (12022): Found design unit 1: reg_8bits-hardware File: C:/Users/Alyss/Desktop/VHDL/raiz/reg_8bits.vhd Line: 22
    Info (12023): Found entity 1: reg_8bits File: C:/Users/Alyss/Desktop/VHDL/raiz/reg_8bits.vhd Line: 9
Info (12021): Found 2 design units, including 1 entities, in source file som_8bits.vhd
    Info (12022): Found design unit 1: som_8bits-hardware File: C:/Users/Alyss/Desktop/VHDL/raiz/som_8bits.vhd Line: 19
    Info (12023): Found entity 1: som_8bits File: C:/Users/Alyss/Desktop/VHDL/raiz/som_8bits.vhd Line: 9
Warning (12019): Can't analyze file -- file Edif4.edf is missing
Info (12127): Elaborating entity "raiz" for the top level hierarchy
Info (12128): Elaborating entity "reg_8bits" for hierarchy "reg_8bits:R2" File: C:/Users/Alyss/Desktop/VHDL/raiz/raiz.vhd Line: 81
Info (12128): Elaborating entity "mux2x1" for hierarchy "mux2x1:m1" File: C:/Users/Alyss/Desktop/VHDL/raiz/raiz.vhd Line: 89
Info (12128): Elaborating entity "mux3x1" for hierarchy "mux3x1:m5" File: C:/Users/Alyss/Desktop/VHDL/raiz/raiz.vhd Line: 93
Info (12128): Elaborating entity "som_8bits" for hierarchy "som_8bits:som1" File: C:/Users/Alyss/Desktop/VHDL/raiz/raiz.vhd Line: 95
Info (12128): Elaborating entity "comp_8bits" for hierarchy "comp_8bits:c1" File: C:/Users/Alyss/Desktop/VHDL/raiz/raiz.vhd Line: 97
Info (12128): Elaborating entity "controleSqrt" for hierarchy "controleSqrt:maquina_estado" File: C:/Users/Alyss/Desktop/VHDL/raiz/raiz.vhd Line: 99
Info (286030): Timing-Driven Synthesis is running
Info (17049): 1 registers lost all their fanouts during netlist optimizations.
Info (16010): Generating hard_block partition "hard_block:auto_generated_inst"
    Info (16011): Adding 0 node(s), including 0 DDIO, 0 PLL, 0 transceiver and 0 LCELL
Info (21057): Implemented 96 device resources after synthesis - the final resource count might be different
    Info (21058): Implemented 10 input pins
    Info (21059): Implemented 8 output pins
    Info (21061): Implemented 78 logic cells
Info: Quartus Prime Analysis & Synthesis was successful. 0 errors, 1 warning
    Info: Peak virtual memory: 4784 megabytes
    Info: Processing ended: Tue Apr 05 20:37:52 2022
    Info: Elapsed time: 00:00:13
    Info: Total CPU time (on all processors): 00:00:29


